<?xml version="1.0" encoding="UTF-8"?>
<testng-results skipped="0" failed="0" total="2" passed="2">
  <reporter-output>
  </reporter-output>
  <suite name="Default suite" duration-ms="25164" started-at="2019-11-10T12:49:04Z" finished-at="2019-11-10T12:49:29Z">
    <groups>
    </groups>
    <test name="Default test" duration-ms="25164" started-at="2019-11-10T12:49:04Z" finished-at="2019-11-10T12:49:29Z">
      <class name="TestLayer.AddUserTest">
        <test-method status="PASS" signature="Next()[pri:0, instance:TestLayer.AddUserTest@7f63425a]" name="Next" is-config="true" duration-ms="11861" started-at="2019-11-10T14:49:04Z" finished-at="2019-11-10T14:49:16Z">
          <reporter-output>
          </reporter-output>
        </test-method> <!-- Next -->
        <test-method status="PASS" signature="newAddUser1(java.lang.String, java.lang.String, java.lang.String, java.lang.String, java.lang.String, java.lang.String, java.lang.String, java.lang.String)[pri:0, instance:TestLayer.AddUserTest@7f63425a]" name="newAddUser1" duration-ms="848" started-at="2019-11-10T14:49:16Z" data-provider="getATestData" finished-at="2019-11-10T14:49:17Z">
          <params>
            <param index="0">
              <value>
                <![CDATA[Shaganti]]>
              </value>
            </param>
            <param index="1">
              <value>
                <![CDATA[Laxmi]]>
              </value>
            </param>
            <param index="2">
              <value>
                <![CDATA[Shaganti11]]>
              </value>
            </param>
            <param index="3">
              <value>
                <![CDATA[Password@1]]>
              </value>
            </param>
            <param index="4">
              <value>
                <![CDATA[Company AAA]]>
              </value>
            </param>
            <param index="5">
              <value>
                <![CDATA[Admin]]>
              </value>
            </param>
            <param index="6">
              <value>
                <![CDATA[admin@gmail.com]]>
              </value>
            </param>
            <param index="7">
              <value>
                <![CDATA[9545683258]]>
              </value>
            </param>
          </params>
          <reporter-output>
          </reporter-output>
        </test-method> <!-- newAddUser1 -->
        <test-method status="PASS" signature="close()[pri:0, instance:TestLayer.AddUserTest@7f63425a]" name="close" is-config="true" duration-ms="69" started-at="2019-11-10T14:49:17Z" finished-at="2019-11-10T14:49:17Z">
          <reporter-output>
          </reporter-output>
        </test-method> <!-- close -->
        <test-method status="PASS" signature="Next()[pri:0, instance:TestLayer.AddUserTest@7f63425a]" name="Next" is-config="true" duration-ms="10820" started-at="2019-11-10T14:49:17Z" finished-at="2019-11-10T14:49:28Z">
          <reporter-output>
          </reporter-output>
        </test-method> <!-- Next -->
        <test-method status="PASS" signature="newAddUser1(java.lang.String, java.lang.String, java.lang.String, java.lang.String, java.lang.String, java.lang.String, java.lang.String, java.lang.String)[pri:0, instance:TestLayer.AddUserTest@7f63425a]" name="newAddUser1" duration-ms="1106" started-at="2019-11-10T14:49:28Z" data-provider="getATestData" finished-at="2019-11-10T14:49:29Z">
          <params>
            <param index="0">
              <value>
                <![CDATA[Aalla]]>
              </value>
            </param>
            <param index="1">
              <value>
                <![CDATA[Narayana]]>
              </value>
            </param>
            <param index="2">
              <value>
                <![CDATA[shaganti12]]>
              </value>
            </param>
            <param index="3">
              <value>
                <![CDATA[password@2]]>
              </value>
            </param>
            <param index="4">
              <value>
                <![CDATA[Company BBB]]>
              </value>
            </param>
            <param index="5">
              <value>
                <![CDATA[Customer]]>
              </value>
            </param>
            <param index="6">
              <value>
                <![CDATA[customer@gmail.com]]>
              </value>
            </param>
            <param index="7">
              <value>
                <![CDATA[9845625763]]>
              </value>
            </param>
          </params>
          <reporter-output>
          </reporter-output>
        </test-method> <!-- newAddUser1 -->
        <test-method status="PASS" signature="close()[pri:0, instance:TestLayer.AddUserTest@7f63425a]" name="close" is-config="true" duration-ms="57" started-at="2019-11-10T14:49:29Z" finished-at="2019-11-10T14:49:29Z">
          <reporter-output>
          </reporter-output>
        </test-method> <!-- close -->
      </class> <!-- TestLayer.AddUserTest -->
    </test> <!-- Default test -->
  </suite> <!-- Default suite -->
</testng-results>
